[2016-03-13 13:29:44] START
[2016-03-13 13:30:42] EDIT test2/models/db.py: -22
[2016-03-13 13:35:32] EDIT test2/views/default/index.html: 325
[2016-03-13 13:36:16] EDIT test2/views/default/index.html: -1
[2016-03-13 13:38:02] UPLOAD F:/sem4/db pro/web2py/applications/test2/static/1.png: 13
[2016-03-13 13:39:01] CREATE aaaaa: 0
[2016-03-13 13:39:09] CREATE aaaa/aaaa.jpg: 0
[2016-03-13 13:39:52] UPLOAD F:/sem4/db pro/web2py/applications/test2/static/images_demo_gallery_1.png: 13
[2016-03-13 13:41:05] CREATE images/demo/gallery/aaa.j: 0
[2016-03-13 13:42:50] UPLOAD F:/sem4/db pro/web2py/applications/test2/static/images_demo_gallery_1.png: 13
[2016-03-13 13:46:16] DELETE test2/static/images_demo_gallery_1.png: -1
[2016-03-13 13:46:21] DELETE test2/static/aaaaa: 0
[2016-03-13 13:46:42] UPLOAD F:/sem4/db pro/web2py/applications/test2/static/1.png: 13
[2016-03-13 13:47:14] UPLOAD F:/sem4/db pro/web2py/applications/test2/static/images/1: 13
[2016-03-13 13:47:22] DELETE test2/static/images/1: -1
[2016-03-13 13:47:43] UPLOAD F:/sem4/db pro/web2py/applications/test2/static/images/demo/1.png: 13
[2016-03-13 13:48:10] DELETE test2/static/images/demo/1.png: -1
[2016-03-13 13:48:37] UPLOAD F:/sem4/db pro/web2py/applications/test2/static/images/demo/gallery/1.png: 13
[2016-03-13 13:49:11] UPLOAD F:/sem4/db pro/web2py/applications/test2/static/images/demo/gallery/index.html: 0
[2016-03-13 13:49:58] UPLOAD F:/sem4/db pro/web2py/applications/test2/static/index/demo/portfolio/1.png: 19
[2016-03-13 13:50:24] UPLOAD F:/sem4/db pro/web2py/applications/test2/static/index/demo/portfolio/index.html: 0
[2016-03-13 13:50:54] UPLOAD F:/sem4/db pro/web2py/applications/test2/static/index/demo/slider/1.png: 52
[2016-03-13 13:51:03] UPLOAD F:/sem4/db pro/web2py/applications/test2/static/index/demo/portfolio/2.png: 53
[2016-03-13 13:51:14] UPLOAD F:/sem4/db pro/web2py/applications/test2/static/index/demo/portfolio/3.png: 52
[2016-03-13 13:52:38] UPLOAD F:/sem4/db pro/web2py/applications/test2/static/images/demo/portfolio/1.png: 52
[2016-03-13 13:52:55] UPLOAD F:/sem4/db pro/web2py/applications/test2/static/images/demo/portfolio/index.html: 0
[2016-03-13 13:53:09] UPLOAD F:/sem4/db pro/web2py/applications/test2/static/images/demo/slider/1.png: 52
[2016-03-13 13:53:25] UPLOAD F:/sem4/db pro/web2py/applications/test2/static/images/demo/slider/2.png: 53
[2016-03-13 13:53:38] UPLOAD F:/sem4/db pro/web2py/applications/test2/static/images/demo/slider/3.png: 52
[2016-03-13 14:41:18] EDIT test2/views/default/index.html: -253
[2016-03-13 14:43:20] UPLOAD F:/sem4/db pro/web2py/applications/test2/static/images/demo/130x130.gif: 6
[2016-03-13 14:43:40] UPLOAD F:/sem4/db pro/web2py/applications/test2/static/images/demo/630x300.gif: 15
[2016-03-13 14:43:53] UPLOAD F:/sem4/db pro/web2py/applications/test2/static/images/demo/index.html: 0
[2016-03-13 14:44:12] UPLOAD F:/sem4/db pro/web2py/applications/test2/static/images/arrow.gif: 2
[2016-03-13 14:44:27] UPLOAD F:/sem4/db pro/web2py/applications/test2/static/images/index.html: 0
[2016-03-13 14:45:00] UPLOAD F:/sem4/db pro/web2py/applications/test2/static/scripts/html5shiv.js: 244
[2016-03-13 14:45:19] UPLOAD F:/sem4/db pro/web2py/applications/test2/static/scripts/index.html: 0
[2016-03-13 14:45:36] UPLOAD F:/sem4/db pro/web2py/applications/test2/static/styles/index.html: 0
[2016-03-13 14:45:54] UPLOAD F:/sem4/db pro/web2py/applications/test2/static/styles/layout.css: 59
[2016-03-13 14:51:31] EDIT test2/views/default/index.html: 0
[2016-03-13 14:56:02] EDIT test2/views/default/index.html: 0
[2016-03-13 14:56:28] EDIT test2/views/default/index.html: 0
[2016-03-13 14:56:47] EDIT test2/views/default/index.html: 0
[2016-03-13 15:07:32] EDIT test2/views/default/index.html: 0
[2016-03-13 15:23:19] EDIT test2/views/default/index.html: 0
[2016-03-13 15:25:01] EDIT test2/views/default/index.html: 0
[2016-03-13 15:25:45] EDIT test2/views/default/index.html: 0
[2016-03-13 15:26:11] EDIT test2/views/default/index.html: 0
[2016-03-13 15:34:08] EDIT test2/views/default/index.html: 0
[2016-03-13 15:34:34] EDIT test2/views/default/index.html: -1
[2016-03-13 15:36:16] EDIT test2/views/default/index.html: 2
[2016-03-13 15:37:00] EDIT test2/views/default/index.html: -1
[2016-03-13 15:38:26] EDIT test2/models/db.py: 49
[2016-03-13 15:39:14] EDIT test2/controllers/default.py: 5
[2016-03-13 15:39:45] EDIT test2/models/db.py: 0
[2016-03-13 15:41:36] EDIT test2/views/default/index.html: 0
[2016-03-13 15:42:50] EDIT test2/views/default/index.html: 0
[2016-03-13 15:43:10] EDIT test2/views/default/index.html: -1
[2016-03-13 15:46:01] EDIT test2/views/default/index.html: 0
[2016-03-13 15:46:19] EDIT test2/views/default/index.html: 0
[2016-03-13 15:49:59] EDIT test2/controllers/default.py: 25
[2016-03-13 15:50:55] EDIT test2/views/default/index.html: 0
[2016-03-13 15:51:30] EDIT test2/views/default/index.html: 0
[2016-03-13 15:52:04] EDIT test2/views/default/index.html: 0
[2016-03-13 15:55:09] EDIT test2/views/default/index.html: 1
[2016-03-13 15:58:28] UPLOAD F:/sem4/db pro/web2py/applications/test2/static/index/demo/img/flat_page.jpg: 144
[2016-03-13 15:58:56] EDIT test2/views/default/index.html: 0
[2016-03-13 15:59:45] EDIT test2/views/default/index.html: 0
[2016-03-13 16:01:08] EDIT test2/views/default/index.html: 0
[2016-03-13 16:01:50] EDIT test2/views/default/index.html: 0
[2016-03-13 16:03:50] EDIT test2/views/default/index.html: 0
[2016-03-13 16:05:52] EDIT test2/views/default/index.html: 0
[2016-03-13 16:07:55] EDIT test2/views/default/index.html: 0
[2016-03-13 16:09:16] EDIT test2/views/default/index.html: 0
[2016-03-13 16:10:51] EDIT test2/views/default/index.html: 3
[2016-03-13 16:11:52] EDIT test2/views/default/index.html: 0
[2016-03-13 16:12:27] EDIT test2/views/default/index.html: 5
[2016-03-13 16:13:28] EDIT test2/views/default/index.html: 0
[2016-03-13 16:15:32] UPLOAD F:/sem4/db pro/web2py/applications/test2/static/index/demo/img/1.jpg: 294
[2016-03-13 16:16:54] UPLOAD F:/sem4/db pro/web2py/applications/test2/static/index/demo/img/2.png: 347
[2016-03-13 16:17:03] UPLOAD F:/sem4/db pro/web2py/applications/test2/static/index/demo/img/3.png: 81
[2016-03-13 16:17:30] EDIT test2/views/default/index.html: 0
[2016-03-13 16:18:16] EDIT test2/views/default/index.html: 0
[2016-03-13 16:19:10] EDIT test2/views/default/index.html: 0
[2016-03-13 16:20:35] EDIT test2/views/default/index.html: 0
[2016-03-13 16:21:42] EDIT test2/views/default/index.html: 0
[2016-03-13 16:22:12] EDIT test2/views/default/index.html: 0
[2016-03-13 16:22:57] EDIT test2/views/default/index.html: 0
[2016-03-13 16:24:48] UPLOAD F:/sem4/db pro/web2py/applications/test2/static/index/demo/img/CVP.jpg: 85
[2016-03-13 16:25:07] EDIT test2/views/default/index.html: 0
[2016-03-13 16:25:32] EDIT test2/views/default/index.html: 0
[2016-03-13 16:25:50] EDIT test2/views/default/index.html: 0
[2016-03-13 16:26:53] EDIT test2/views/default/index.html: 0
[2016-03-13 16:27:49] EDIT test2/views/default/index.html: 0
[2016-03-13 16:28:07] EDIT test2/views/default/index.html: 0
[2016-03-13 17:04:14] EDIT test2/views/default/index.html: 0
[2016-03-13 17:05:18] EDIT test2/views/default/index.html: 0
[2016-03-13 17:06:17] EDIT test2/views/default/index.html: 0
[2016-03-13 17:06:52] EDIT test2/views/default/index.html: -1
[2016-03-13 17:07:13] EDIT test2/views/default/index.html: 0
[2016-03-13 17:11:18] EDIT test2/views/default/index.html: 1
[2016-03-13 17:13:05] EDIT test2/controllers/default.py: 0
[2016-03-13 17:21:50] EDIT test2/views/default/index.html: 0
[2016-03-13 17:31:32] EDIT test2/views/default/index.html: 1
[2016-03-13 17:32:05] EDIT test2/views/default/index.html: 0
[2016-03-13 17:32:40] EDIT test2/views/default/index.html: 0
[2016-03-14 14:15:10] EDIT test2/views/default/index.html: -2
[2016-03-14 14:16:07] EDIT test2/views/default/index.html: 0
[2016-03-14 14:16:21] EDIT test2/views/default/index.html: -3
[2016-03-14 14:17:19] EDIT test2/views/default/index.html: 0
[2016-03-14 14:17:26] EDIT test2/views/default/index.html: 0
[2016-03-14 14:19:30] EDIT test2/views/default/index.html: 0
[2016-04-03 14:12:38] EDIT test2/controllers/default.py: 12
[2016-04-03 14:13:57] EDIT test2/views/default/index.html: 0
[2016-04-03 14:14:10] EDIT test2/views/default/index.html: 0
[2016-04-03 14:14:51] EDIT test2/controllers/default.py: 0
[2016-04-03 14:15:22] EDIT test2/controllers/default.py: 0
[2016-04-03 14:16:09] EDIT test2/controllers/default.py: 0
[2016-04-03 14:17:09] EDIT test2/controllers/default.py: 0
[2016-04-03 14:17:31] EDIT test2/controllers/default.py: 0
[2016-04-03 14:17:55] EDIT test2/controllers/default.py: 0
[2016-04-03 14:20:58] EDIT test2/controllers/default.py: 0
[2016-04-03 14:22:38] EDIT test2/controllers/default.py: 0
[2016-04-03 14:23:13] EDIT test2/controllers/default.py: 0
[2016-04-03 14:23:40] EDIT test2/controllers/default.py: 0
[2016-04-03 14:34:02] EDIT test2/controllers/default.py: 0
[2016-04-03 14:35:35] EDIT test2/controllers/default.py: 0
[2016-04-03 14:36:14] EDIT test2/controllers/default.py: 0
[2016-04-03 14:36:36] EDIT test2/controllers/default.py: 0
[2016-04-03 14:37:15] EDIT test2/controllers/default.py: 0
[2016-04-03 15:06:10] EDIT test2/controllers/default.py: 0
[2016-04-03 15:06:11] EDIT test2/controllers/default.py: 0
[2016-04-03 15:06:33] EDIT test2/controllers/default.py: 0
[2016-04-03 15:15:22] EDIT test2/controllers/default.py: 0
[2016-04-03 15:15:36] EDIT test2/controllers/default.py: 0
[2016-04-03 15:18:11] EDIT test2/controllers/default.py: 0
[2016-04-03 15:19:44] EDIT test2/controllers/default.py: -4
[2016-04-03 15:20:23] EDIT test2/controllers/default.py: -4
[2016-04-03 15:20:46] EDIT test2/controllers/default.py: -1
[2016-04-03 15:20:59] EDIT test2/controllers/default.py: 0
[2016-04-03 16:12:15] EDIT test2/controllers/default.py: 1
[2016-04-03 16:27:29] EDIT test2/controllers/default.py: -1
[2016-04-03 16:27:37] EDIT test2/controllers/default.py: 0
[2016-04-03 16:28:49] EDIT test2/controllers/default.py: 0
[2016-04-03 16:29:11] EDIT test2/controllers/default.py: 0
[2016-04-03 16:31:59] EDIT test2/controllers/default.py: 1
[2016-04-03 16:32:13] EDIT test2/controllers/default.py: 0
[2016-04-03 16:32:14] EDIT test2/controllers/default.py: 0
[2016-04-03 16:32:14] EDIT test2/controllers/default.py: 0
[2016-04-03 16:32:24] EDIT test2/controllers/default.py: 0
[2016-04-03 16:32:34] EDIT test2/controllers/default.py: 0
[2016-04-03 16:33:07] EDIT test2/controllers/default.py: 0
[2016-04-03 16:33:25] EDIT test2/controllers/default.py: -1
[2016-04-03 16:42:14] EDIT test2/controllers/default.py: 0
[2016-04-03 16:42:19] EDIT test2/controllers/default.py: 0
[2016-04-03 16:43:46] EDIT test2/controllers/default.py: 0
[2016-04-03 16:44:08] EDIT test2/controllers/default.py: 0
[2016-04-03 16:48:28] EDIT test2/controllers/default.py: 9
[2016-04-03 16:51:08] EDIT test2/controllers/default.py: 0
[2016-04-03 16:51:37] EDIT test2/controllers/default.py: 0
[2016-04-03 16:51:37] EDIT test2/controllers/default.py: 0
[2016-04-03 16:51:55] EDIT test2/controllers/default.py: 0
[2016-04-03 16:52:41] EDIT test2/controllers/default.py: 0
[2016-04-03 16:53:21] EDIT test2/controllers/default.py: 0
[2016-04-03 16:55:56] EDIT test2/controllers/default.py: 0
[2016-04-03 16:56:03] EDIT test2/controllers/default.py: 0
[2016-04-03 16:58:03] EDIT test2/controllers/default.py: 0
[2016-04-03 17:09:30] EDIT test4/controllers/default.py: 0
[2016-04-03 17:09:40] EDIT test4/controllers/default.py: 0
[2016-04-04 11:58:16] EDIT final2/models/db.py: -5
[2016-04-04 11:59:24] EDIT final2/controllers/default.py: 0
[2016-04-04 12:04:17] EDIT final2/controllers/default.py: 0
[2016-04-04 12:04:32] EDIT final2/controllers/default.py: 0
[2016-04-04 12:04:42] EDIT final2/controllers/default.py: 0
[2016-04-04 12:05:59] EDIT final2/controllers/default.py: 0
[2016-04-04 12:08:36] EDIT final2/controllers/default.py: 4
[2016-04-04 12:08:56] EDIT final2/controllers/default.py: 0
[2016-04-04 12:09:39] EDIT final2/views/default/index.html: 0
[2016-04-04 12:09:51] EDIT final2/views/default/index.html: 0
[2016-04-04 12:10:13] EDIT final2/views/default/index.html: 0
[2016-04-04 12:10:49] EDIT final2/views/default/index.html: 0
[2016-04-04 12:14:35] EDIT final2/views/default/index.html: 0
[2016-04-04 12:15:16] EDIT final2/views/default/index.html: 0
[2016-04-04 12:32:16] EDIT final2/controllers/default.py: 0
[2016-04-04 12:32:45] EDIT final2/controllers/default.py: 0
[2016-04-04 12:34:27] EDIT final2/controllers/default.py: 0
[2016-04-04 12:35:30] EDIT final2/controllers/default.py: 4
[2016-04-04 12:36:38] EDIT final2/controllers/default.py: 0
[2016-04-04 12:39:12] EDIT final2/controllers/default.py: 0
[2016-04-04 12:39:25] EDIT final2/controllers/default.py: 0
[2016-04-04 13:35:22] EDIT final2/controllers/default.py: 0
[2016-04-04 13:39:50] EDIT final2/controllers/default.py: 0
[2016-04-04 13:40:25] EDIT final2/models/db.py: 0
[2016-04-04 13:56:46] EDIT final2/models/db.py: 0
[2016-04-04 13:59:00] EDIT final2/controllers/default.py: -3
[2016-04-04 13:59:54] EDIT final2/models/db.py: 0
[2016-04-04 14:02:48] EDIT final2/models/db.py: 0
[2016-04-04 14:04:07] EDIT final2/models/db.py: 0
[2016-04-04 14:04:10] EDIT final2/models/db.py: 0
[2016-04-04 14:04:27] EDIT final2/models/db.py: 0
[2016-04-04 14:07:24] EDIT final2/models/db.py: 0
[2016-04-04 14:11:22] EDIT final2/controllers/default.py: 0
[2016-04-04 14:11:30] EDIT final2/controllers/default.py: 0
[2016-04-04 14:13:17] EDIT final2/controllers/default.py: 0
[2016-04-04 14:14:12] EDIT final2/controllers/default.py: 0
[2016-04-04 14:22:27] EDIT final2/controllers/default.py: 0
[2016-04-04 14:25:11] EDIT final2/controllers/default.py: 1
[2016-04-04 14:25:41] EDIT final2/controllers/default.py: 0
[2016-04-04 14:26:01] EDIT final2/controllers/default.py: 0
[2016-04-04 14:26:48] EDIT final2/controllers/default.py: 0
[2016-04-04 14:27:46] EDIT final2/controllers/default.py: 0
[2016-04-04 14:28:05] EDIT final2/controllers/default.py: 0
[2016-04-04 14:29:00] EDIT final2/controllers/default.py: 0
[2016-04-04 14:30:10] EDIT final2/controllers/default.py: 0
[2016-04-04 14:30:16] EDIT final2/controllers/default.py: 0
[2016-04-04 14:32:12] EDIT final2/controllers/default.py: 0
[2016-04-04 14:32:27] EDIT final2/controllers/default.py: 0
[2016-04-04 14:32:30] EDIT final2/controllers/default.py: 0
[2016-04-04 14:33:28] EDIT final2/controllers/default.py: 0
[2016-04-04 14:33:34] EDIT final2/controllers/default.py: 0
[2016-04-04 14:33:57] EDIT final2/controllers/default.py: 0
[2016-04-04 14:52:43] EDIT final2/views/default/index.html: 0
[2016-04-04 14:58:44] EDIT final2/controllers/default.py: 1
[2016-04-04 14:59:57] EDIT final2/controllers/default.py: 0
[2016-04-04 15:00:05] EDIT final2/controllers/default.py: 0
[2016-04-04 15:01:00] EDIT final2/controllers/default.py: 0
[2016-04-04 15:01:09] EDIT final2/controllers/default.py: -1
[2016-04-04 15:46:38] CREATE default/display_form3.html: 0
[2016-04-04 15:46:52] EDIT final2/views/default/display_form3.html: 0
[2016-04-04 15:48:06] EDIT final2/views/default/display_form3.html: 7
[2016-04-04 15:48:42] EDIT final2/views/default/display_form3.html: 0
[2016-04-04 15:49:26] EDIT final2/views/default/display_form3.html: 0
[2016-04-04 15:49:43] EDIT final2/views/default/display_form3.html: -2
[2016-04-04 15:50:09] EDIT final2/views/default/display_form3.html: -3
[2016-04-04 15:52:03] EDIT final2/views/default/display_form3.html: 3
[2016-04-04 15:57:20] EDIT final2/controllers/default.py: 1
[2016-04-04 15:57:31] EDIT final2/controllers/default.py: 0
[2016-04-04 15:58:49] CREATE default/createstudent.html: 0
[2016-04-04 16:01:00] EDIT final2/views/default/createstudent.html: 23
[2016-04-04 16:01:33] EDIT final2/views/default/createstudent.html: 0
[2016-04-04 16:02:30] EDIT final2/views/default/createstudent.html: -16
[2016-04-04 16:03:00] EDIT final2/views/default/createstudent.html: -3
[2016-04-04 16:03:18] EDIT final2/views/default/createstudent.html: 0
[2016-04-04 16:09:53] EDIT final2/controllers/default.py: 0
[2016-04-04 16:10:35] EDIT final2/controllers/default.py: -2
[2016-04-04 16:13:19] EDIT final2/views/default/createstudent.html: 17
[2016-04-04 16:13:42] CREATE default/show1.html: 0
[2016-04-04 16:14:46] EDIT final2/views/default/show1.html: 5
[2016-04-04 16:18:05] EDIT final2/models/db.py: 0
[2016-04-04 16:21:36] EDIT final2/views/default/createstudent.html: 0
[2016-04-04 16:23:10] EDIT final2/views/default/createstudent.html: 1
[2016-04-04 16:27:48] EDIT final2/controllers/default.py: 1
[2016-04-04 16:28:37] EDIT final2/controllers/default.py: -2
[2016-04-04 16:29:31] EDIT final2/controllers/default.py: 2
[2016-04-04 16:30:23] EDIT final2/controllers/default.py: -1
[2016-04-04 16:32:30] EDIT final2/views/default/display_form3.html: 15
[2016-04-04 16:33:37] EDIT final2/controllers/default.py: 1
[2016-04-04 16:33:52] EDIT final2/controllers/default.py: 0
[2016-04-04 16:33:55] EDIT final2/controllers/default.py: 0
[2016-04-04 16:34:37] EDIT final2/controllers/default.py: 0
[2016-04-04 16:35:43] EDIT final2/views/default/display_form3.html: 1
[2016-04-04 16:36:13] EDIT final2/views/default/display_form3.html: 0
[2016-04-04 16:36:46] EDIT final2/views/default/display_form3.html: -1
[2016-04-04 16:37:37] EDIT final2/views/default/display_form3.html: 0
[2016-04-04 16:38:31] EDIT final2/views/default/display_form3.html: 0
[2016-04-04 16:39:23] EDIT final2/views/default/display_form3.html: 0
[2016-04-04 16:40:56] EDIT final2/views/default/display_form3.html: 0
[2016-04-04 16:41:52] EDIT final2/views/default/display_form3.html: 0
[2016-04-04 16:42:27] EDIT final2/views/default/createstudent.html: 0
[2016-04-04 16:43:18] EDIT final2/controllers/default.py: 0
[2016-04-04 16:43:46] EDIT final2/views/default/display_form3.html: 1
[2016-04-04 16:45:05] EDIT final2/models/menu.py: 0
[2016-04-04 16:49:55] EDIT final2/views/default/display_form3.html: 14
[2016-04-04 16:52:13] EDIT final2/views/default/display_form3.html: 9
[2016-04-04 16:52:34] EDIT final2/views/default/display_form3.html: 1
[2016-04-04 16:54:13] EDIT final2/views/default/display_form3.html: 0
[2016-04-04 16:54:32] EDIT final2/views/default/display_form3.html: -15
[2016-04-04 16:54:59] EDIT final2/views/default/display_form3.html: 1
[2016-04-04 16:57:28] CREATE default/display_form2.html: 0
[2016-04-04 16:58:59] EDIT final2/views/default/display_form2.html: 31
[2016-04-04 17:02:38] EDIT final2/controllers/default.py: 0
[2016-04-04 17:02:46] EDIT final2/controllers/default.py: 0
[2016-04-04 17:03:17] EDIT final2/views/default/display_form2.html: -4
[2016-04-04 17:04:54] EDIT final2/views/default/display_form2.html: 0
[2016-04-04 17:09:25] EDIT final2/views/default/display_form2.html: 3
[2016-04-04 17:09:40] EDIT final2/views/default/display_form2.html: -1
[2016-04-04 17:11:55] EDIT final2/views/default/display_form2.html: 0
[2016-04-04 17:12:55] EDIT final2/views/default/display_form2.html: 0
[2016-04-04 17:13:00] EDIT final2/views/default/display_form2.html: 0
[2016-04-04 17:13:19] EDIT final2/views/default/display_form2.html: 0
[2016-04-04 17:13:48] EDIT final2/views/default/display_form2.html: 0
[2016-04-04 17:14:08] EDIT final2/controllers/default.py: 0
[2016-04-04 17:14:36] EDIT final2/views/default/display_form2.html: 0
[2016-04-04 17:15:00] EDIT final2/views/default/display_form2.html: 0
[2016-04-04 17:15:25] EDIT final2/views/default/display_form2.html: 0
[2016-04-04 17:15:31] EDIT final2/views/default/display_form2.html: 0
[2016-04-04 17:15:53] EDIT final2/views/default/display_form2.html: 0
[2016-04-04 17:15:57] EDIT final2/views/default/display_form2.html: 0
[2016-04-04 17:16:11] EDIT final2/views/default/display_form2.html: 0
[2016-04-04 17:16:18] EDIT final2/views/default/display_form2.html: 0
[2016-04-04 17:16:33] EDIT final2/views/default/display_form2.html: 0
[2016-04-04 17:17:13] EDIT final2/views/default/display_form2.html: 0
[2016-04-04 17:17:37] EDIT final2/views/default/display_form2.html: 0
[2016-04-04 20:31:34] UPLOAD F:/sem4/db pro/web2py/applications/final3/static/search.jpg: 53
[2016-04-04 20:31:48] EDIT final3/views/default/display_form3.html: 0
[2016-04-04 20:33:08] EDIT final3/views/default/display_form2.html: 0
[2016-04-04 20:33:25] EDIT final3/views/default/display_form2.html: 0
[2016-04-04 20:34:07] CREATE default/display_form.html: 0
[2016-04-04 20:35:45] EDIT final3/views/default/display_form.html: 29
[2016-04-04 20:36:14] EDIT final3/views/default/display_form.html: 0
[2016-04-04 20:39:50] EDIT final3/views/default/display_form2.html: -2
[2016-04-04 20:40:06] EDIT final3/views/default/display_form2.html: -2
[2016-04-04 20:40:43] EDIT final3/views/default/display_form2.html: 0
[2016-04-04 20:41:42] EDIT final3/views/default/display_form2.html: 0
[2016-04-04 20:41:46] EDIT final3/views/default/display_form2.html: 0
[2016-04-04 20:42:05] EDIT final3/views/default/display_form2.html: 0
[2016-04-04 20:43:23] EDIT final3/views/default/display_form2.html: 0
[2016-04-04 20:43:54] EDIT final3/views/default/display_form2.html: 0
[2016-04-04 20:44:10] EDIT final3/views/default/display_form2.html: 0
[2016-04-04 20:44:42] UPLOAD F:/sem4/db pro/web2py/applications/final3/static/search2.jpg: 1728
[2016-04-04 20:45:03] EDIT final3/views/default/display_form.html: 0
[2016-04-04 20:45:36] EDIT final3/views/default/display_form.html: 0
[2016-04-04 20:47:08] UPLOAD F:/sem4/db pro/web2py/applications/final3/static/search3.jpg: 2051
[2016-04-04 20:47:16] EDIT final3/views/default/display_form3.html: 0
[2016-04-04 20:47:44] UPLOAD F:/sem4/db pro/web2py/applications/final3/static/search4.jpg: 757
[2016-04-04 20:47:51] EDIT final3/views/default/display_form3.html: 0
[2016-04-04 20:48:20] EDIT final3/views/default/display_form3.html: 0
[2016-04-04 20:49:34] UPLOAD F:/sem4/db pro/web2py/applications/final3/static/search5.jpg: 1405
[2016-04-04 20:49:54] EDIT final3/views/default/display_form3.html: 0
[2016-04-04 20:51:56] EDIT final3/views/default/display_form3.html: 0
[2016-04-04 20:52:09] UPLOAD F:/sem4/db pro/web2py/applications/final3/static/search6.jpg: 845
[2016-04-04 20:54:17] EDIT final3/controllers/default.py: 0
[2016-04-04 20:54:35] EDIT final3/views/default/display_form.html: 0
[2016-04-04 20:54:42] EDIT final3/views/default/display_form2.html: 0
[2016-04-04 20:55:40] EDIT final3/views/default/display_form2.html: 0
[2016-04-04 20:56:03] EDIT final3/views/default/display_form2.html: 0
[2016-04-04 20:56:38] EDIT final3/views/default/display_form2.html: 0
[2016-04-04 20:57:14] EDIT final3/views/default/display_form2.html: 0
[2016-04-04 20:58:17] EDIT final3/controllers/default.py: 1
[2016-04-04 20:58:34] EDIT final3/controllers/default.py: 0
[2016-04-04 20:58:56] EDIT final3/controllers/default.py: 0
[2016-04-04 21:00:35] EDIT final3/controllers/default.py: 0
[2016-04-04 21:01:12] EDIT final3/controllers/default.py: -1
[2016-04-04 21:02:49] EDIT final3/controllers/default.py: 1
[2016-04-04 21:05:09] EDIT final3/models/db.py: 29
[2016-04-04 21:06:22] EDIT final3/controllers/default.py: 0
[2016-04-04 21:07:39] EDIT final3/models/db.py: 0
[2016-04-04 21:08:35] EDIT final3/controllers/default.py: 0
[2016-04-04 21:08:58] EDIT final3/controllers/default.py: 0
[2016-04-04 21:09:15] EDIT final3/models/db.py: 0
[2016-04-04 21:09:33] EDIT final3/controllers/default.py: 0
[2016-04-04 21:10:00] EDIT final3/models/db.py: 0
[2016-04-04 21:10:09] EDIT final3/models/db.py: 0
[2016-04-04 21:10:19] EDIT final3/models/db.py: 0
[2016-04-04 21:10:31] EDIT final3/models/db.py: 0
[2016-04-04 21:11:18] EDIT final3/controllers/default.py: 0
[2016-04-04 21:16:17] EDIT final3/models/db.py: 0
[2016-04-04 21:16:42] EDIT final3/models/db.py: 0
[2016-04-04 21:17:50] EDIT final3/controllers/default.py: 0
[2016-04-04 21:18:19] EDIT final3/controllers/default.py: 0
[2016-04-04 21:21:02] EDIT final3/models/db.py: 0
[2016-04-04 21:21:41] EDIT final3/models/db.py: 0
[2016-04-04 21:22:06] EDIT final3/models/db.py: 0
[2016-04-04 21:22:11] EDIT final3/models/db.py: 0
[2016-04-04 21:25:41] EDIT final3/views/default/createstudent.html: -18
[2016-04-04 21:25:47] EDIT final3/views/default/createstudent.html: 0
[2016-04-04 21:49:42] EDIT final3/views/default/createstudent.html: 0
[2016-04-04 21:51:10] EDIT final3/views/default/createstudent.html: 1
[2016-04-04 21:53:03] EDIT final3/views/default/createstudent.html: 3
[2016-04-04 21:53:22] EDIT final3/views/default/createstudent.html: 0
[2016-04-04 21:53:30] EDIT final3/views/default/createstudent.html: 0
[2016-04-04 21:53:36] EDIT final3/views/default/createstudent.html: 0
[2016-04-04 21:53:44] EDIT final3/views/default/createstudent.html: 0
[2016-04-04 21:53:55] EDIT final3/views/default/createstudent.html: 0
[2016-04-04 21:54:04] EDIT final3/views/default/createstudent.html: 0
[2016-04-04 21:54:11] EDIT final3/views/default/createstudent.html: 0
[2016-04-04 21:54:26] EDIT final3/views/default/createstudent.html: 0
[2016-04-04 21:56:35] EDIT final3/views/default/createstudent.html: -1
[2016-04-04 21:57:09] EDIT final3/views/default/createstudent.html: 1
[2016-04-04 21:59:02] EDIT final3/models/db.py: 0
[2016-04-04 21:59:18] EDIT final3/models/db.py: 0
[2016-04-04 22:03:15] EDIT final3/models/db.py: 0
[2016-04-04 22:03:51] CREATE default/createBooks.html: 0
[2016-04-04 22:04:09] EDIT final3/views/default/createBooks.html: 8
[2016-04-04 22:05:23] CREATE default/createeBook_acc.html: 0
[2016-04-04 22:05:48] CREATE default/createISSUE.html: 0
[2016-04-04 22:06:05] CREATE default/createSubject.html: 0
[2016-04-04 22:06:29] EDIT final3/views/default/createeBook_acc.html: 8
[2016-04-04 22:06:36] EDIT final3/views/default/createBooks.html: 0
[2016-04-04 22:06:41] EDIT final3/views/default/createISSUE.html: 8
[2016-04-04 22:06:47] EDIT final3/views/default/createSubject.html: 8
[2016-04-04 22:07:42] CREATE default/createBook_acc.html: 0
[2016-04-04 22:07:53] EDIT final3/views/default/createBook_acc.html: 8
[2016-04-04 22:08:01] EDIT final3/views/default/createBook_acc.html: 0
[2016-04-04 22:08:08] DELETE final3/views/default/createeBook_acc.html: -11
[2016-04-04 22:09:09] EDIT final3/controllers/default.py: 6
[2016-04-04 22:09:20] EDIT final3/controllers/default.py: -2
[2016-04-04 22:09:29] EDIT final3/controllers/default.py: 0
[2016-04-04 22:15:55] EDIT final3/models/db.py: 0
[2016-04-04 22:16:16] EDIT final3/models/db.py: 0
[2016-04-04 22:21:57] EDIT final4/models/db.py: 0
[2016-04-04 22:22:40] EDIT final4/models/db.py: 0
[2016-04-04 22:29:34] EDIT final4/models/db.py: 0
[2016-04-04 22:29:43] EDIT final4/models/db.py: 0
[2016-04-04 22:30:06] EDIT final4/controllers/default.py: 0
[2016-04-04 22:37:17] EDIT final4/models/db.py: 0
[2016-04-04 23:22:12] EDIT final4/models/db.py: 2
[2016-04-04 23:22:20] EDIT final4/models/db.py: -1
[2016-04-04 23:23:30] EDIT final4/controllers/default.py: 0
[2016-04-04 23:25:23] EDIT final4/controllers/default.py: 0
[2016-04-04 23:25:46] EDIT final4/controllers/default.py: 0
[2016-04-04 23:26:10] EDIT final4/controllers/default.py: 0
[2016-04-04 23:30:51] EDIT final4/controllers/default.py: 6
[2016-04-04 23:31:01] EDIT final4/controllers/default.py: 0
[2016-04-04 23:32:00] EDIT final4/controllers/default.py: 0
[2016-04-04 23:32:11] EDIT final4/controllers/default.py: 0
[2016-04-04 23:32:17] EDIT final4/controllers/default.py: 0
[2016-04-04 23:33:49] EDIT final4/controllers/default.py: 0
[2016-04-04 23:34:43] EDIT final4/controllers/default.py: -1
[2016-04-04 23:34:58] EDIT final4/controllers/default.py: 0
[2016-04-04 23:40:25] CREATE default/display_books.html: 0
[2016-04-04 23:41:19] EDIT final4/views/default/display_books.html: 29
[2016-04-04 23:41:46] EDIT final4/views/default/display_books.html: 0
[2016-04-04 23:42:56] EDIT final4/views/default/display_books.html: 0
[2016-04-04 23:43:07] EDIT final4/views/default/display_books.html: 0
[2016-04-04 23:43:26] EDIT final4/views/default/display_books.html: 0
[2016-04-04 23:44:38] EDIT final4/views/default/display_books.html: 0
[2016-04-04 23:47:25] EDIT final4/controllers/default.py: 0
[2016-04-04 23:47:42] EDIT final4/views/default/display_books.html: -1
[2016-04-04 23:49:34] EDIT final4/controllers/default.py: 0
[2016-04-04 23:50:31] EDIT final4/controllers/default.py: 0
[2016-04-04 23:51:35] EDIT final4/controllers/default.py: 0
[2016-04-04 23:54:07] EDIT final4/views/default/display_books.html: 0
[2016-04-04 23:55:17] EDIT final4/views/default/display_books.html: 16
[2016-04-04 23:55:22] EDIT final4/views/default/display_books.html: 0
[2016-04-04 23:56:15] EDIT final4/views/default/display_books.html: -4
[2016-04-04 23:56:42] EDIT final4/controllers/default.py: 0
[2016-04-04 23:57:19] EDIT final4/views/default/display_books.html: -1
[2016-04-04 23:57:32] EDIT final4/views/default/display_books.html: 0
[2016-04-04 23:58:35] EDIT final4/models/db.py: 0
[2016-04-04 23:59:38] EDIT final4/controllers/default.py: 0
[2016-04-05 00:00:52] EDIT final4/models/db.py: 0
[2016-04-05 00:14:49] EDIT final4/views/default/index.html: 0
[2016-04-05 00:15:30] EDIT final4/views/default/index.html: 0
[2016-04-05 00:16:07] EDIT final4/controllers/default.py: 0
[2016-04-05 00:17:23] EDIT final4/controllers/default.py: 1
[2016-04-05 12:29:52] EDIT final4/views/default/display_form3.html: 3
[2016-04-05 12:30:09] EDIT final4/views/default/display_form3.html: 1
[2016-04-05 15:19:37] EDIT final4/controllers/default.py: 10
[2016-04-05 15:26:13] EDIT final4/controllers/default.py: 0
[2016-04-05 15:29:59] EDIT final4/views/default/display_books.html: 0
[2016-04-05 15:31:19] EDIT final4/views/default/index.html: 1
[2016-04-05 15:31:24] EDIT final4/views/default/index.html: 0
[2016-04-05 15:31:39] EDIT final4/views/default/index.html: 0
[2016-04-05 15:33:06] EDIT final4/views/default/index.html: 8
[2016-04-05 15:33:33] EDIT final4/views/default/index.html: 0
[2016-04-05 15:33:54] EDIT final4/views/default/index.html: -1
[2016-04-05 15:34:30] EDIT final4/views/default/index.html: 0
[2016-04-05 15:34:46] EDIT final4/views/default/index.html: 0
[2016-04-05 15:35:07] EDIT final4/views/default/index.html: 0
[2016-04-05 15:36:01] EDIT final4/views/default/index.html: 0
[2016-04-05 15:40:21] EDIT final4/models/menu.py: 0
[2016-04-05 15:41:05] EDIT final4/models/menu.py: 0
[2016-04-05 15:41:14] EDIT final4/models/menu.py: 0
[2016-04-05 15:41:43] EDIT final4/models/menu.py: 0
[2016-04-05 15:42:17] EDIT final4/models/menu.py: 0
[2016-04-05 15:44:52] EDIT final4/views/default/index.html: 1
[2016-04-05 15:45:01] EDIT final4/views/default/index.html: -1
[2016-04-05 15:50:02] EDIT final4/views/default/user.html: 0
[2016-04-05 15:50:30] EDIT final4/views/default/user.html: 0
[2016-04-05 15:51:28] EDIT final4/views/default/user.html: 0
[2016-04-05 15:51:44] EDIT final4/views/default/user.html: 0
[2016-04-05 15:52:51] EDIT final4/views/default/user.html: 0
[2016-04-05 15:53:10] EDIT final4/views/default/user.html: 0
[2016-04-05 15:53:40] EDIT final4/views/default/user.html: 0
[2016-04-05 15:54:11] EDIT final4/views/default/user.html: 0
[2016-04-05 15:54:21] EDIT final4/views/default/user.html: 0
[2016-04-05 15:54:24] EDIT final4/views/default/user.html: 0
[2016-04-05 15:54:41] EDIT final4/views/default/user.html: 0
[2016-04-05 16:14:16] EDIT final4/controllers/default.py: 0
[2016-04-05 16:15:57] EDIT final4/controllers/default.py: 1
[2016-04-05 16:16:00] EDIT final4/controllers/default.py: 0
[2016-04-05 16:18:49] EDIT final4/models/db.py: 1
[2016-04-05 16:19:14] EDIT final4/models/db.py: 0
[2016-04-05 16:23:07] EDIT final4/models/db.py: 0
[2016-04-05 16:24:07] EDIT final4/models/db.py: 0
[2016-04-05 16:25:46] EDIT final4/models/db.py: 0
[2016-04-05 20:32:31] EDIT final4/views/default/display_form3.html: 1
[2016-04-05 20:36:58] EDIT final4/controllers/default.py: 1
[2016-04-05 20:37:47] EDIT final4/views/default/display_form3.html: 0
[2016-04-05 20:38:49] EDIT final4/controllers/default.py: 0
[2016-04-05 20:39:43] EDIT final4/controllers/default.py: -1
[2016-04-05 20:40:04] EDIT final4/controllers/default.py: 0
[2016-04-05 20:40:12] EDIT final4/controllers/default.py: 0
[2016-04-05 20:41:34] EDIT final4/controllers/default.py: 1
[2016-04-05 20:42:14] EDIT final4/controllers/default.py: 0
[2016-04-05 20:42:33] EDIT final4/controllers/default.py: 0
[2016-04-05 20:42:49] EDIT final4/views/default/display_form3.html: 0
[2016-04-05 20:44:37] EDIT final4/controllers/default.py: 0
[2016-04-05 20:47:31] EDIT final4/controllers/default.py: 1
[2016-04-05 20:48:04] EDIT final4/controllers/default.py: 0
[2016-04-05 20:49:00] EDIT final4/controllers/default.py: 0
[2016-04-05 20:49:24] EDIT final4/controllers/default.py: 0
[2016-04-05 20:49:48] EDIT final4/controllers/default.py: 0
[2016-04-05 20:50:04] EDIT final4/controllers/default.py: 0
[2016-04-05 20:51:54] EDIT final4/controllers/default.py: 0
[2016-04-05 20:52:29] EDIT final4/controllers/default.py: 0
[2016-04-05 20:54:43] EDIT final4/controllers/default.py: 0
[2016-04-05 20:55:17] EDIT final4/controllers/default.py: 0
[2016-04-05 20:55:21] EDIT final4/controllers/default.py: 0
[2016-04-05 20:55:27] EDIT final4/controllers/default.py: 0
[2016-04-05 20:55:41] EDIT final4/controllers/default.py: 0
[2016-04-05 20:57:09] EDIT final4/controllers/default.py: 0
[2016-04-05 20:57:18] EDIT final4/controllers/default.py: 0
[2016-04-05 20:57:39] EDIT final4/controllers/default.py: 0
[2016-04-05 20:58:37] EDIT final4/controllers/default.py: 0
[2016-04-05 21:00:53] EDIT final4/controllers/default.py: 0
[2016-04-05 21:01:24] EDIT final4/controllers/default.py: 0
[2016-04-05 21:01:33] EDIT final4/controllers/default.py: 0
[2016-04-05 21:02:37] EDIT final4/controllers/default.py: 0
[2016-04-05 21:03:58] EDIT final4/controllers/default.py: 1
[2016-04-05 21:05:12] EDIT final4/controllers/default.py: 0
[2016-04-05 21:05:37] EDIT final4/controllers/default.py: 0
[2016-04-05 21:05:44] EDIT final4/controllers/default.py: 0
[2016-04-05 21:06:53] EDIT final4/controllers/default.py: 0
[2016-04-05 21:07:32] EDIT final4/controllers/default.py: 0
[2016-04-05 21:09:42] EDIT final4/controllers/default.py: -1
[2016-04-05 21:10:54] EDIT final4/controllers/default.py: 1
[2016-04-05 21:10:58] EDIT final4/controllers/default.py: 0
[2016-04-05 21:13:37] EDIT final4/controllers/default.py: 0
[2016-04-05 21:14:57] EDIT final4/models/db.py: 0
[2016-04-05 21:15:16] EDIT final4/models/db.py: 0
[2016-04-05 21:15:44] EDIT final4/models/db.py: 0
[2016-04-05 21:16:43] EDIT final4/models/db.py: 0
[2016-04-05 21:19:19] EDIT final4/models/db.py: 0
[2016-04-05 21:20:42] EDIT final4/models/db.py: 0
[2016-04-05 21:21:59] EDIT final4/models/db.py: 0
[2016-04-05 21:23:13] EDIT final4/models/db.py: 0
[2016-04-05 21:27:19] EDIT final4/controllers/default.py: 2
[2016-04-05 21:27:25] EDIT final4/controllers/default.py: 0
[2016-04-05 21:27:57] EDIT final4/controllers/default.py: 0
[2016-04-05 21:28:03] EDIT final4/controllers/default.py: 0
[2016-04-05 21:28:08] EDIT final4/controllers/default.py: 0
[2016-04-05 21:29:42] EDIT final4/controllers/default.py: 0
[2016-04-05 21:30:09] EDIT final4/controllers/default.py: 0
[2016-04-05 21:30:19] EDIT final4/controllers/default.py: 0
[2016-04-05 21:30:34] EDIT final4/controllers/default.py: 0
[2016-04-05 21:31:36] EDIT final4/controllers/default.py: 0
[2016-04-05 21:32:05] EDIT final4/controllers/default.py: 0
[2016-04-05 21:33:22] EDIT final4/controllers/default.py: 0
[2016-04-05 21:34:02] EDIT final4/controllers/default.py: 0
[2016-04-05 21:37:59] EDIT final4/controllers/default.py: 0
[2016-04-05 21:38:40] EDIT final4/controllers/default.py: 0
[2016-04-05 21:38:49] EDIT final4/controllers/default.py: 0
[2016-04-05 21:38:59] EDIT final4/controllers/default.py: 0
[2016-04-05 21:39:26] EDIT final4/controllers/default.py: 0
[2016-04-05 21:40:09] EDIT final4/controllers/default.py: 0
[2016-04-05 21:40:15] EDIT final4/controllers/default.py: 0
[2016-04-05 21:40:20] EDIT final4/controllers/default.py: 0
[2016-04-05 21:40:50] EDIT final4/controllers/default.py: 0
[2016-04-05 21:40:55] EDIT final4/controllers/default.py: 0
[2016-04-05 21:41:10] EDIT final4/controllers/default.py: 0
[2016-04-05 21:41:23] EDIT final4/controllers/default.py: 0
[2016-04-05 21:44:47] EDIT final4/controllers/default.py: 1
[2016-04-05 21:44:59] EDIT final4/controllers/default.py: 0
[2016-04-05 21:45:53] EDIT final4/controllers/default.py: 1
[2016-04-05 21:54:04] EDIT final4/controllers/default.py: 0
[2016-04-05 21:54:26] EDIT final4/controllers/default.py: 0
[2016-04-05 21:56:32] EDIT final4/controllers/default.py: 0
[2016-04-05 21:57:38] EDIT final4/controllers/default.py: 0
[2016-04-05 21:58:01] EDIT final4/controllers/default.py: 0
[2016-04-05 21:58:21] EDIT final4/controllers/default.py: 0
[2016-04-05 21:58:28] EDIT final4/controllers/default.py: 0
[2016-04-05 22:00:57] EDIT final4/models/db.py: 0
[2016-04-05 22:01:00] EDIT final4/models/db.py: 0
[2016-04-05 22:01:43] EDIT final4/models/db.py: 0
[2016-04-05 22:02:45] EDIT final4/controllers/default.py: 0
[2016-04-05 22:03:12] EDIT final4/controllers/default.py: 0
[2016-04-05 22:03:44] EDIT final4/controllers/default.py: 0
[2016-04-05 22:04:01] EDIT final4/controllers/default.py: 0
[2016-04-05 22:04:06] EDIT final4/controllers/default.py: 0
[2016-04-05 22:04:18] EDIT final4/controllers/default.py: 0
[2016-04-05 22:04:41] EDIT final4/controllers/default.py: 0
[2016-04-05 22:05:27] EDIT final4/controllers/default.py: 0
[2016-04-05 22:05:37] EDIT final4/controllers/default.py: 0
[2016-04-05 22:05:55] EDIT final4/controllers/default.py: 0
[2016-04-05 22:07:35] EDIT final4/controllers/default.py: 0
[2016-04-05 22:08:19] EDIT final4/controllers/default.py: 0
[2016-04-05 22:08:36] EDIT final4/controllers/default.py: 0
[2016-04-05 22:09:28] EDIT final4/controllers/default.py: 1
[2016-04-05 22:10:09] EDIT final4/controllers/default.py: -1
[2016-04-05 22:12:02] EDIT final4/models/db.py: 0
[2016-04-05 22:14:43] EDIT final4/controllers/default.py: 0
[2016-04-05 22:14:46] EDIT final4/controllers/default.py: 0
[2016-04-05 22:17:39] EDIT final4/controllers/default.py: 0
[2016-04-05 22:18:03] EDIT final4/controllers/default.py: 0
[2016-04-05 22:18:09] EDIT final4/controllers/default.py: 0
[2016-04-05 22:18:30] EDIT final4/controllers/default.py: 0
[2016-04-05 22:20:00] EDIT final4/controllers/default.py: 0
[2016-04-05 22:20:38] EDIT final4/controllers/default.py: 0
[2016-04-05 22:22:23] EDIT final4/controllers/default.py: 0
[2016-04-05 22:24:05] EDIT final4/controllers/default.py: 0
[2016-04-05 22:25:09] EDIT final4/controllers/default.py: 0
[2016-04-05 22:25:23] EDIT final4/controllers/default.py: 0
[2016-04-05 22:25:29] EDIT final4/controllers/default.py: 0
[2016-04-05 22:26:09] EDIT final4/controllers/default.py: 0
[2016-04-05 22:27:07] EDIT final4/controllers/default.py: 1
[2016-04-05 22:27:34] EDIT final4/views/default/display_form3.html: 1
[2016-04-05 22:29:21] EDIT final4/controllers/default.py: 0
[2016-04-05 22:29:51] EDIT final4/controllers/default.py: -1
[2016-04-05 22:29:54] EDIT final4/controllers/default.py: 0
[2016-04-05 22:30:14] EDIT final4/views/default/display_form3.html: -1
[2016-04-05 22:30:54] EDIT final4/controllers/default.py: 0
[2016-04-05 22:31:07] EDIT final4/controllers/default.py: 0
[2016-04-05 23:07:00] EDIT final5/models/db.py: 0
[2016-04-05 23:15:19] EDIT final5/models/db.py: 0
[2016-04-05 23:16:48] DELETE final5/views/default/display_form2.html.1: -30
[2016-04-05 23:17:23] EDIT final5/controllers/default.py: 0
[2016-04-05 23:19:22] EDIT final5/controllers/default.py: 2
[2016-04-05 23:19:45] EDIT final5/views/default/display_form2.html: 1
[2016-04-05 23:20:40] EDIT final5/views/default/display_form2.html: 0
[2016-04-05 23:21:54] EDIT final5/controllers/default.py: 0
[2016-04-05 23:21:59] EDIT final5/controllers/default.py: 0
[2016-04-05 23:22:24] EDIT final5/controllers/default.py: 0
[2016-04-05 23:23:00] EDIT final5/controllers/default.py: 0
[2016-04-05 23:23:55] EDIT final5/views/default/display_form.html: 0
[2016-04-05 23:24:45] EDIT final5/views/default/display_form.html: -2
[2016-04-05 23:25:15] EDIT final5/controllers/default.py: 0
[2016-04-05 23:26:24] EDIT final5/views/default/display_form.html: 11
[2016-04-05 23:27:05] EDIT final5/controllers/default.py: 0
[2016-04-05 23:27:23] EDIT final5/views/default/display_form.html: 0
[2016-04-05 23:28:50] EDIT final5/views/default/display_form2.html: 10
[2016-04-05 23:29:41] EDIT final5/views/default/display_form2.html: 0
[2016-04-05 23:30:18] EDIT final5/views/default/display_form2.html: 0
[2016-04-05 23:30:51] EDIT final5/views/default/display_form2.html: 0
[2016-04-05 23:30:53] EDIT final5/views/default/display_form2.html: 0
[2016-04-05 23:31:13] EDIT final5/controllers/default.py: 0
[2016-04-05 23:31:25] EDIT final5/controllers/default.py: 0
[2016-04-05 23:32:04] EDIT final5/controllers/default.py: 0
[2016-04-05 23:32:23] EDIT final5/controllers/default.py: 0
[2016-04-05 23:32:39] EDIT final5/controllers/default.py: 0
[2016-04-05 23:34:19] EDIT final5/views/default/index.html: -3
[2016-04-05 23:34:56] EDIT final5/views/default/index.html: 0
[2016-04-05 23:35:10] EDIT final5/views/default/index.html: 0
[2016-04-05 23:37:29] EDIT final5/views/default/index.html: 0
[2016-04-05 23:37:47] EDIT final5/views/default/index.html: 0
[2016-04-05 23:39:28] EDIT final5/views/default/index.html: 0
[2016-04-05 23:40:43] EDIT final5/views/default/index.html: 0
[2016-04-05 23:41:29] EDIT final5/views/default/index.html: 0
[2016-04-05 23:42:12] EDIT final5/views/default/index.html: 0
[2016-04-05 23:42:20] EDIT final5/views/default/index.html: 0
[2016-04-05 23:42:28] EDIT final5/views/default/index.html: 0
[2016-04-05 23:46:24] CREATE default/ind1.html: 0
[2016-04-05 23:48:24] EDIT final5/views/default/show1.html: 114
[2016-04-05 23:49:42] EDIT final5/controllers/default.py: 2
[2016-04-05 23:49:53] EDIT final5/controllers/default.py: 0
[2016-04-05 23:50:14] EDIT final5/controllers/default.py: 1
[2016-04-05 23:50:18] EDIT final5/controllers/default.py: 0
[2016-04-05 23:51:18] EDIT final5/views/default/show1.html: -8
[2016-04-05 23:52:35] EDIT final5/views/default/show1.html: -11
[2016-04-05 23:53:15] EDIT final5/views/default/show1.html: 2
[2016-04-05 23:54:03] EDIT final5/views/default/show1.html: -3
[2016-04-05 23:54:27] EDIT final5/views/default/show1.html: 7
[2016-04-05 23:56:27] EDIT final5/views/default/show1.html: 0
[2016-04-05 23:56:48] EDIT final5/views/default/show1.html: 0
[2016-04-05 23:57:23] EDIT final5/views/default/show1.html: 0
[2016-04-05 23:57:39] EDIT final5/views/default/show1.html: 0
[2016-04-05 23:57:59] EDIT final5/views/default/show1.html: 0
[2016-04-05 23:59:31] EDIT final5/views/default/index.html: 1
[2016-04-05 23:59:41] EDIT final5/views/default/index.html: 0
[2016-04-06 00:00:56] EDIT final5/views/default/show1.html: 0
[2016-04-06 00:01:14] EDIT final5/views/default/show1.html: 0
[2016-04-06 00:01:40] EDIT final5/controllers/default.py: 1
[2016-04-06 00:02:02] EDIT final5/controllers/default.py: 0
[2016-04-06 00:03:06] EDIT final5/views/default/index.html: 0
[2016-04-06 00:03:09] EDIT final5/views/default/index.html: 0
[2016-04-06 00:10:02] EDIT final5/views/default/index.html: 1
[2016-04-06 00:10:30] EDIT final5/views/default/index.html: 0
[2016-04-06 00:10:44] EDIT final5/views/default/index.html: 0
[2016-04-06 00:10:57] EDIT final5/views/default/index.html: 0
[2016-04-06 00:11:08] EDIT final5/views/default/index.html: 1
[2016-04-06 00:11:21] EDIT final5/views/default/index.html: 0
[2016-04-06 00:11:43] EDIT final5/views/default/index.html: 3
[2016-04-06 00:11:54] EDIT final5/views/default/index.html: 0
[2016-04-06 00:12:10] EDIT final5/views/default/index.html: 0
[2016-04-06 00:12:20] EDIT final5/views/default/index.html: 0
[2016-04-06 00:13:09] EDIT final5/views/default/show1.html: 1
[2016-04-06 00:13:51] EDIT final5/controllers/default.py: 0
[2016-04-06 00:14:19] EDIT final5/views/default/show1.html: 0
[2016-04-06 00:15:14] EDIT final5/views/default/show1.html: 0
[2016-04-06 00:15:32] EDIT final5/views/default/show1.html: 0
[2016-04-06 00:15:54] EDIT final5/views/default/show1.html: 0
[2016-04-06 00:16:28] EDIT final5/views/default/show1.html: 0
[2016-04-06 00:16:42] EDIT final5/views/default/show1.html: 0
[2016-04-06 00:16:47] EDIT final5/views/default/show1.html: 0
[2016-04-06 00:17:05] EDIT final5/views/default/show1.html: 0
[2016-04-06 00:17:30] EDIT final5/views/default/show1.html: 0
[2016-04-06 09:16:48] EDIT final5/models/db.py: 0
[2016-04-06 09:18:02] EDIT final5/models/db.py: 0
[2016-04-06 09:19:10] EDIT final5/models/db.py: 0
[2016-04-06 09:19:43] EDIT final5/models/db.py: 0
[2016-04-06 09:19:58] EDIT final5/models/db.py: 0
[2016-04-06 09:21:10] EDIT final5/models/db.py: 0
[2016-04-06 09:21:37] EDIT final5/models/db.py: 0
[2016-04-06 09:25:36] EDIT final5/models/db.py: 0
[2016-04-06 09:26:42] EDIT final5/models/db.py: 0
[2016-04-06 09:26:55] EDIT final5/models/db.py: 0
[2016-04-06 09:31:19] EDIT final5/views/default/user.html: 0
[2016-04-06 09:42:30] EDIT final5/views/default/user.html: 0
[2016-04-06 09:47:35] CREATE layout1.html: 0
[2016-04-06 09:47:45] EDIT final5/views/layout1.html: 124
[2016-04-06 09:50:06] EDIT final5/views/layout1.html: 0
[2016-04-06 09:51:22] CREATE menu1.py: 0
[2016-04-06 09:51:28] EDIT final5/models/menu1.py: 115
[2016-04-06 09:52:22] EDIT final5/models/menu1.py: -1
[2016-04-06 09:54:15] EDIT final5/views/layout1.html: 0
[2016-04-06 09:57:42] EDIT final5/views/default/user.html: 0
[2016-04-06 09:58:08] EDIT final5/views/default/user.html: 0
[2016-04-06 09:58:14] EDIT final5/views/default/user.html: 0
[2016-04-06 09:58:45] EDIT final5/views/default/user.html: 0
[2016-04-06 09:59:04] EDIT final5/views/default/user.html: -1
[2016-04-06 09:59:24] EDIT final5/views/default/user.html: 1
[2016-04-06 10:05:27] DELETE final5/models/menu1.py: -114
[2016-04-06 10:05:33] DELETE final5/views/layout1.html: -127
[2016-04-06 10:07:19] EDIT final5/models/db.py: 0
[2016-04-06 10:07:28] EDIT final5/models/db.py: 0
[2016-04-06 11:22:37] EDIT final5/views/default/show1.html: -1
[2016-04-06 11:24:03] EDIT final5/views/default/show1.html: 0
[2016-04-06 11:24:08] EDIT final5/views/default/show1.html: 0
[2016-04-06 11:24:13] EDIT final5/views/default/show1.html: 0
[2016-04-06 11:25:42] EDIT final5/views/default/show1.html: 1
[2016-04-06 11:26:12] EDIT final5/views/default/show1.html: 0
[2016-04-06 11:27:23] EDIT final5/views/default/show1.html: 0
[2016-04-06 11:28:00] EDIT final5/views/default/show1.html: 0
[2016-04-06 11:28:05] EDIT final5/views/default/show1.html: 0
[2016-04-06 11:28:18] EDIT final5/views/default/show1.html: 0
[2016-04-06 11:28:47] EDIT final5/views/default/show1.html: 0
[2016-04-06 11:31:13] EDIT final5/controllers/default.py: 0
[2016-04-06 11:31:15] EDIT final5/controllers/default.py: 0
[2016-04-06 11:35:00] EDIT final5/views/default/user.html: 0
[2016-04-06 11:41:42] EDIT final5/views/default/user.html: 0
[2016-04-06 11:42:47] EDIT final5/controllers/default.py: 12
[2016-04-06 12:42:49] EDIT final5/models/db.py: 0
[2016-04-06 12:53:28] EDIT final5/models/db.py: 0
[2016-04-06 12:53:42] EDIT final5/models/db.py: 0
[2016-04-06 12:53:44] EDIT final5/models/db.py: 0
[2016-04-06 12:57:16] EDIT final5/controllers/default.py: 0
[2016-04-06 12:58:08] EDIT final5/controllers/default.py: 0
[2016-04-06 12:58:25] EDIT final5/controllers/default.py: 0
[2016-04-06 22:39:57] EDIT FINAL/views/default/createBooks.html: 0
[2016-04-06 22:40:22] EDIT FINAL/views/default/createISSUE.html: 0
[2016-04-06 22:40:39] EDIT FINAL/views/default/createSubject.html: 0
[2016-04-06 22:41:05] EDIT FINAL/views/default/display_books.html: 0
[2016-04-06 22:41:54] EDIT FINAL/views/default/display_form3.html: 0
[2016-04-06 22:42:53] EDIT FINAL/models/db.py: 1
[2016-04-06 22:43:28] EDIT FINAL/views/default/show1.html: -1
[2016-04-06 22:47:48] EDIT FINAL/views/default/display_books.html: -2
[2016-04-06 22:48:22] EDIT FINAL/controllers/default.py: 0
[2016-04-06 22:53:32] EDIT FINAL/views/default/index.html: 0
[2016-04-12 11:59:22] EDIT FINAL/controllers/default.py: 0
[2016-04-12 11:59:27] EDIT FINAL/controllers/default.py: 0
[2016-04-12 11:59:43] EDIT FINAL/controllers/default.py: 0
[2016-04-17 11:58:29] EDIT FINAL/controllers/default.py: 5
[2016-04-17 11:58:36] EDIT FINAL/controllers/default.py: 0
[2016-04-17 11:59:42] EDIT FINAL/controllers/default.py: 0
[2016-04-17 12:02:07] EDIT FINAL/controllers/default.py: 8
[2016-04-17 12:02:19] EDIT FINAL/controllers/default.py: -2
[2016-04-17 12:02:42] EDIT FINAL/controllers/default.py: 2
[2016-04-17 12:03:47] EDIT FINAL/controllers/default.py: 1
[2016-04-17 12:04:38] EDIT FINAL/controllers/default.py: 0
[2016-04-17 12:05:04] EDIT FINAL/controllers/default.py: 0
[2016-04-17 12:06:39] EDIT FINAL/controllers/default.py: 0
[2016-04-17 12:07:07] EDIT FINAL/controllers/default.py: 0
[2016-04-17 12:07:25] EDIT FINAL/controllers/default.py: 0
[2016-04-17 12:10:11] EDIT FINAL/controllers/default.py: 1
[2016-04-17 12:11:06] EDIT FINAL/controllers/default.py: 1
[2016-04-17 12:11:16] EDIT FINAL/controllers/default.py: 0
[2016-04-17 12:12:47] EDIT FINAL/controllers/default.py: 0
[2016-04-17 12:14:03] EDIT FINAL/controllers/default.py: 0
[2016-04-17 12:14:07] EDIT FINAL/controllers/default.py: 0
[2016-04-17 12:14:38] EDIT FINAL/controllers/default.py: 1
[2016-04-17 12:15:07] EDIT FINAL/controllers/default.py: 0
[2016-04-17 12:15:33] EDIT FINAL/controllers/default.py: 0
[2016-04-17 12:15:56] EDIT FINAL/controllers/default.py: 0
[2016-04-17 12:16:31] EDIT FINAL/controllers/default.py: 0
[2016-04-17 12:16:57] EDIT FINAL/controllers/default.py: 0
[2016-04-17 12:17:18] EDIT FINAL/controllers/default.py: 0
[2016-04-17 12:18:23] EDIT FINAL/controllers/default.py: -1
[2016-04-17 12:18:26] EDIT FINAL/controllers/default.py: 0
[2016-04-17 12:18:57] EDIT FINAL/controllers/default.py: 0
[2016-04-17 12:19:16] EDIT FINAL/controllers/default.py: 0
[2016-04-17 12:20:20] EDIT FINAL/controllers/default.py: 0
[2016-04-17 12:20:47] CREATE frm.html: 0
[2016-04-17 12:21:17] EDIT FINAL/views/frm.html: 7
[2016-04-17 12:22:33] CREATE default/frm.html: 0
[2016-04-17 12:22:39] EDIT FINAL/views/default/frm.html: 7
[2016-04-17 12:23:29] EDIT FINAL/views/default/frm.html: 0
[2016-04-17 12:23:56] EDIT FINAL/controllers/default.py: 0
[2016-04-17 12:24:27] EDIT FINAL/views/frm.html: 0
[2016-04-17 12:25:22] EDIT FINAL/controllers/default.py: 0
[2016-04-17 12:25:26] EDIT FINAL/controllers/default.py: 0
[2016-04-17 12:31:49] EDIT FINAL/controllers/default.py: 0
[2016-04-17 12:32:30] EDIT FINAL/controllers/default.py: 0
[2016-04-17 12:32:50] EDIT FINAL/controllers/default.py: 0
[2016-04-17 12:33:17] EDIT FINAL/views/default/frm.html: 1
[2016-04-17 12:41:08] EDIT FINAL/controllers/default.py: 8
[2016-04-17 12:41:39] EDIT FINAL/controllers/default.py: 1
[2016-04-17 12:42:00] EDIT FINAL/controllers/default.py: 3
[2016-04-17 12:42:28] EDIT FINAL/controllers/default.py: 3
[2016-04-17 12:43:04] CREATE default/updatestudent.html: 0
[2016-04-17 12:43:29] CREATE default/updateissue.html: 0
[2016-04-17 12:43:53] CREATE default/updatebooks.html: 0
[2016-04-17 12:44:38] CREATE default/updatesubject.html: 0
[2016-04-17 12:44:52] EDIT FINAL/controllers/default.py: 0
[2016-04-17 12:45:48] EDIT FINAL/controllers/default.py: 0
[2016-04-17 12:46:03] EDIT FINAL/controllers/default.py: 0
[2016-04-17 12:47:11] EDIT FINAL/views/default/updatebooks.html: 4
[2016-04-17 12:48:37] EDIT FINAL/views/default/updateissue.html: 4
[2016-04-17 12:50:15] EDIT FINAL/views/default/updatestudent.html: 4
[2016-04-17 12:50:30] EDIT FINAL/views/default/updatesubject.html: 4
[2016-04-17 12:50:38] EDIT FINAL/views/default/updatesubject.html: 0
[2016-04-17 12:51:03] CREATE default/updatesubjecttaken.html: 0
[2016-04-17 12:51:11] EDIT FINAL/views/default/updatesubjecttaken.html: 4
[2016-04-17 12:53:17] EDIT FINAL/controllers/default.py: 0
[2016-04-17 12:53:48] EDIT FINAL/controllers/default.py: 0
[2016-04-17 12:55:21] EDIT FINAL/models/db.py: 2
[2016-04-17 12:55:28] EDIT FINAL/models/db.py: 0
[2016-04-17 12:55:58] EDIT FINAL/models/db.py: 1
[2016-04-17 12:56:04] EDIT FINAL/models/db.py: 0
[2016-04-17 12:56:31] EDIT FINAL/models/db.py: 0
[2016-04-17 12:58:06] EDIT FINAL/models/db.py: 0
[2016-04-17 13:01:12] EDIT FINAL/models/db.py: 1
[2016-04-17 13:12:11] EDIT FINAL/models/db.py: 0
[2016-04-17 13:14:51] EDIT FINAL/models/db.py: -1
[2016-04-17 13:15:12] EDIT FINAL/models/db.py: 0
[2016-04-17 13:16:57] EDIT FINAL/models/db.py: 0
[2016-04-17 13:17:12] EDIT FINAL/models/db.py: 1
[2016-04-17 13:17:43] EDIT FINAL/models/db.py: 0
[2016-04-17 13:39:33] EDIT FINAL/views/default/show1.html: -1
[2016-04-17 13:40:41] EDIT FINAL/views/default/show1.html: 16
[2016-04-17 13:41:09] EDIT FINAL/views/default/show1.html: 0
[2016-04-17 13:41:25] EDIT FINAL/views/default/show1.html: 0
[2016-04-17 13:41:42] EDIT FINAL/views/default/show1.html: 0
[2016-04-17 13:42:01] EDIT FINAL/views/default/show1.html: 0
[2016-04-17 13:43:40] EDIT FINAL/views/default/show1.html: -6
[2016-04-17 13:44:22] EDIT FINAL/views/default/show1.html: 0
[2016-04-17 13:44:28] EDIT FINAL/views/default/show1.html: 0
[2016-04-17 13:44:33] EDIT FINAL/views/default/show1.html: 0
[2016-04-17 13:45:23] EDIT FINAL/views/default/show1.html: 0
[2016-04-17 13:45:58] EDIT FINAL/views/default/show1.html: 0
[2016-04-17 13:47:40] EDIT FINAL/views/default/show1.html: 1
[2016-04-17 13:58:52] EDIT FINAL/views/default/show1.html: 0
[2016-04-17 13:59:21] EDIT FINAL/views/default/show1.html: 0
[2016-04-17 14:00:02] EDIT FINAL/views/default/show1.html: 0
[2016-04-17 14:00:34] EDIT FINAL/views/default/show1.html: 0
[2016-04-17 14:02:09] EDIT FINAL/views/default/show1.html: 0
[2016-04-17 14:02:52] EDIT FINAL/views/default/show1.html: 0
[2016-04-17 14:03:51] EDIT FINAL/models/db.py: 0
[2016-04-17 14:05:17] EDIT FINAL/models/db.py: -1
[2016-04-17 14:05:31] EDIT FINAL/models/db.py: -1
[2016-04-17 14:05:39] EDIT FINAL/models/db.py: -2
[2016-04-17 14:05:44] EDIT FINAL/models/db.py: -1
[2016-04-17 14:06:02] EDIT FINAL/models/db.py: 0
[2016-04-17 14:06:09] EDIT FINAL/models/db.py: 0
[2016-04-17 20:45:24] EDIT FINAL/controllers/default.py: 5
[2016-04-17 20:54:56] EDIT FINAL/models/menu.py: 0
[2016-04-17 20:55:09] EDIT FINAL/models/menu.py: 0
[2016-04-17 20:55:12] EDIT FINAL/models/menu.py: 0
[2016-04-17 20:55:34] EDIT FINAL/models/menu.py: 0
[2016-04-17 20:59:32] EDIT FINAL/models/menu.py: 0
[2016-04-17 20:59:42] EDIT FINAL/models/menu.py: 0
[2016-04-17 21:00:05] EDIT FINAL/models/menu.py: 0
[2016-04-17 21:00:24] EDIT FINAL/models/menu.py: 0
[2016-04-17 21:00:26] EDIT FINAL/models/menu.py: 0
[2016-04-17 21:00:26] EDIT FINAL/models/menu.py: 0
[2016-04-17 21:00:39] EDIT FINAL/models/menu.py: -1
[2016-04-17 21:00:47] EDIT FINAL/models/menu.py: 0
[2016-04-17 21:01:09] EDIT FINAL/models/menu.py: 1
[2016-04-17 21:01:18] EDIT FINAL/models/menu.py: 0
[2016-04-17 21:01:21] EDIT FINAL/models/menu.py: 0
[2016-04-17 21:01:23] EDIT FINAL/models/menu.py: 0
[2016-04-17 21:01:35] EDIT FINAL/models/menu.py: -92
[2016-04-17 23:12:53] EDIT FINAL/controllers/default.py: 1
[2016-04-17 23:13:05] EDIT FINAL/controllers/default.py: 0
[2016-04-17 23:13:53] EDIT FINAL/controllers/default.py: 0
[2016-04-17 23:20:00] EDIT FINAL/models/db.py: 1
[2016-04-17 23:23:08] EDIT FINAL/models/db.py: 0
[2016-04-17 23:23:46] EDIT FINAL/models/db.py: 0
[2016-04-17 23:24:24] EDIT FINAL/models/db.py: 0
[2016-04-17 23:29:49] EDIT FINAL/models/db.py: 17
[2016-04-17 23:29:51] EDIT FINAL/models/db.py: 0
[2016-04-17 23:31:10] EDIT FINAL/models/db.py: -1
[2016-04-17 23:32:26] EDIT FINAL/models/db.py: -16
[2016-04-17 23:32:30] EDIT FINAL/models/db.py: 0
[2016-04-17 23:38:09] EDIT FINAL/controllers/default.py: 12
[2016-04-17 23:39:00] EDIT FINAL/controllers/default.py: 23
[2016-04-17 23:39:26] EDIT FINAL/controllers/default.py: -3
[2016-04-17 23:41:44] EDIT FINAL/controllers/default.py: 0
[2016-04-17 23:44:18] EDIT FINAL/models/db.py: 0
[2016-04-17 23:45:26] EDIT FINAL/models/db.py: 0
[2016-04-17 23:45:53] EDIT FINAL/models/db.py: 0
[2016-04-17 23:46:16] EDIT FINAL/models/db.py: 0
[2016-04-17 23:46:30] EDIT FINAL/models/db.py: 0
[2016-04-17 23:46:47] EDIT FINAL/models/db.py: 0
[2016-04-17 23:53:12] EDIT FINAL/controllers/default.py: 0
[2016-04-17 23:53:22] EDIT FINAL/controllers/default.py: 0
[2016-04-17 23:54:39] EDIT FINAL/controllers/default.py: -8
[2016-04-17 23:55:07] EDIT FINAL/controllers/default.py: -1
[2016-04-17 23:58:57] EDIT FINAL/controllers/default.py: 0
[2016-04-18 00:03:55] EDIT FINAL/models/db.py: 0
[2016-04-18 00:06:01] EDIT FINAL/controllers/default.py: 0
[2016-04-18 00:12:34] EDIT FINAL/controllers/default.py: -3
[2016-04-18 00:17:41] EDIT FINAL/controllers/default.py: 0
[2016-04-18 00:21:18] EDIT FINAL/controllers/default.py: 0
[2016-04-18 00:22:52] EDIT FINAL/controllers/default.py: 3
[2016-04-18 00:24:25] EDIT FINAL/controllers/default.py: 0
[2016-04-18 12:00:38] EDIT FINAL/views/default/display_books.html: 0
[2016-04-18 12:01:05] EDIT FINAL/views/default/display_form.html: 0
[2016-04-18 12:01:24] EDIT FINAL/views/default/display_form2.html: 0
[2016-04-18 12:06:57] EDIT FINAL/views/default/show1.html: 0
[2016-04-18 12:21:49] EDIT FINAL/models/db.py: 0
[2016-04-18 13:04:21] EDIT FINAL/views/default/show1.html: 0
[2016-04-18 13:04:35] EDIT FINAL/views/default/show1.html: 0
